<?xml version="1.0" encoding="UTF-8"?>
<!-- Generated by org.testng.reporters.JUnitReportReporter -->
<testsuite hostname="MANISH" failures="0" tests="1" name="runners.orderrunner" time="7.609" errors="0" timestamp="2025-08-14T22:14:00 IST" skipped="0">
  <testcase classname="runners.orderrunner" name="runScenario" time="7.609"/>
  <system-out/>
</testsuite> <!-- runners.orderrunner -->
